2022-12-27T23:06:37.061Z [api] info: API Started and File Created!
2022-12-27T23:10:21.105Z [api] info: API Started!
2022-12-27T23:10:23.422Z [api] info: Post /submembers - {"account":{"nome":"stark"}}
2022-12-27T23:11:28.058Z [api] info: Post /submembers - {"account":{"nome":"stark","idade":5,"peso":11}}
2022-12-27T23:12:46.931Z [api] info: API Started!
2022-12-27T23:54:05.469Z [api] info: Post /hospedagem - {"account":{"isTrusted":true,"_vts":1672185245431}}
2022-12-27T23:57:52.024Z [api] info: Post /hospedagem - {"account":{"isTrusted":true,"_vts":1672185472012}}
2022-12-30T21:43:41.378Z [api] info: API Started!
2022-12-30T21:48:40.440Z [api] info: Post /hospedagem - {"account":{"isTrusted":true,"_vts":1672436920406}}
2022-12-30T21:53:21.268Z [api] info: Post /hospedagem - {"account":{"isTrusted":true,"_vts":1672437201255}}
2022-12-30T21:53:27.580Z [api] info: Post /hospedagem - {"account":{"isTrusted":true,"_vts":1672437207568}}
2022-12-30T21:54:03.740Z [api] info: Post /hospedagem - {"account":{"isTrusted":true,"_vts":1672437243731}}
2022-12-30T21:54:10.656Z [api] info: Post /hospedagem - {"account":{"isTrusted":true,"_vts":1672437250647}}
2022-12-30T21:54:13.329Z [api] info: Post /hospedagem - {"account":{"isTrusted":true,"_vts":1672437253321}}
2022-12-30T21:54:15.012Z [api] info: Post /hospedagem - {"account":{"isTrusted":true,"_vts":1672437255007}}
2022-12-30T21:56:54.283Z [api] info: Post /hospedagem - {"account":{"name":"Isabela","movie":"Star Wars"}}
2022-12-30T21:57:29.817Z [api] info: Post /hospedagem - {"account":{"name":"Isabela","idade":28,"movie":"Vanilla Sky"}}
2022-12-30T22:01:18.913Z [api] info: Post /hospedagem - {"account":{"name":"Isabela","idade":28,"movie":"Star Wars"}}
2022-12-30T22:01:35.349Z [api] info: Post /hospedagem - {"account":{"name":"Isabela","idade":28,"movie":"Star Wars"}}
2022-12-30T22:01:40.968Z [api] info: Post /hospedagem - {"account":{"name":"Isabela","idade":31,"movie":"Vanilla Sky"}}
2022-12-30T22:02:06.204Z [api] info: Post /hospedagem - {"account":{"name":"Isabela","idade":31,"movie":""}}
2022-12-30T22:02:34.076Z [api] info: Post /hospedagem - {"account":{"name":"Isabela","idade":31,"movie":"Star Wars"}}
2022-12-30T22:06:54.977Z [api] info: Post /hospedagem - {"account":{"name":"Isabela","idade":31,"movie":""}}
2022-12-30T22:07:02.107Z [api] info: Post /hospedagem - {"account":{"name":"Isabela","idade":20,"movie":""}}
2022-12-30T22:11:47.625Z [api] info: API Started and File Created!
2022-12-30T22:12:16.523Z [api] info: Post /hospedagem - {"account":{"name":"Isabela","idade":31,"dog":"Pastor Alemão","price":100}}
2022-12-30T22:12:47.381Z [api] info: Post /hospedagem - {"account":{"name":"Renan","idade":31,"dog":"Vira lata","price":90}}
2022-12-30T22:18:49.911Z [api] info: API Started!
2022-12-30T22:20:13.337Z [api] error: GET /api/v1/hospedagem - submemberService is not defined
2022-12-30T22:21:05.149Z [api] error: GET /api/v1/hospedagem - submemberService is not defined
2022-12-30T22:21:06.006Z [api] error: GET /api/v1/hospedagem - submemberService is not defined
2022-12-30T22:21:18.964Z [api] info: API Started!
2022-12-30T22:21:21.318Z [api] error: GET /api/v1/hospedagem - The first argument must be of type string or an instance of Buffer, ArrayBuffer, or Array or an Array-like Object. Received function getHospedagem
2022-12-30T22:21:22.137Z [api] error: GET /api/v1/hospedagem - The first argument must be of type string or an instance of Buffer, ArrayBuffer, or Array or an Array-like Object. Received function getHospedagem
2022-12-30T22:22:14.414Z [api] info: API Started!
2022-12-30T22:22:48.271Z [api] info: API Started!
2022-12-30T22:23:19.018Z [api] error: GET /api/v1/hospedagem - The first argument must be of type string or an instance of Buffer, ArrayBuffer, or Array or an Array-like Object. Received function getHospedagem
2022-12-30T22:24:18.625Z [api] info: API Started!
2022-12-30T22:24:26.012Z [api] error: GET /api/v1/hospedagem - The first argument must be of type string or an instance of Buffer, ArrayBuffer, or Array or an Array-like Object. Received function getHospedagem
2022-12-30T22:26:02.498Z [api] info: API Started!
2022-12-30T22:26:12.498Z [api] info: API Started!
2022-12-30T22:26:16.566Z [api] error: GET /api/v1/hospedagem - The first argument must be of type string or an instance of Buffer, ArrayBuffer, or Array or an Array-like Object. Received function getHospedagem
2022-12-30T22:26:17.410Z [api] error: GET /api/v1/hospedagem - The first argument must be of type string or an instance of Buffer, ArrayBuffer, or Array or an Array-like Object. Received function getHospedagem
2022-12-30T22:26:20.843Z [api] error: GET /api/v1/hospedagem - The first argument must be of type string or an instance of Buffer, ArrayBuffer, or Array or an Array-like Object. Received function getHospedagem
2022-12-30T22:26:34.866Z [api] info: API Started!
2022-12-30T22:27:08.002Z [api] info: API Started!
2022-12-30T22:27:18.110Z [api] error: GET /api/v1/hospedagem - The first argument must be of type string or an instance of Buffer, ArrayBuffer, or Array or an Array-like Object. Received function getHospedagem
2022-12-30T22:27:50.695Z [api] info: API Started!
2022-12-30T22:28:02.609Z [api] info: Get /hospedagem - [{"name":"Isabela","idade":31,"dog":"Pastor Alemão","price":100},{"name":"Renan","idade":31,"dog":"Vira lata","price":90}] 
2022-12-30T22:28:12.061Z [api] info: API Started!
2022-12-30T22:28:17.172Z [api] info: Get /hospedagem - [{"name":"Isabela","idade":31,"dog":"Pastor Alemão","price":100},{"name":"Renan","idade":31,"dog":"Vira lata","price":90}] 
2022-12-30T22:28:17.824Z [api] info: Get /hospedagem - [{"name":"Isabela","idade":31,"dog":"Pastor Alemão","price":100},{"name":"Renan","idade":31,"dog":"Vira lata","price":90}] 
2022-12-30T22:28:18.485Z [api] info: Get /hospedagem - [{"name":"Isabela","idade":31,"dog":"Pastor Alemão","price":100},{"name":"Renan","idade":31,"dog":"Vira lata","price":90}] 
2022-12-30T22:28:19.005Z [api] info: Get /hospedagem - [{"name":"Isabela","idade":31,"dog":"Pastor Alemão","price":100},{"name":"Renan","idade":31,"dog":"Vira lata","price":90}] 
2022-12-30T22:28:21.520Z [api] info: Get /hospedagem - [{"name":"Isabela","idade":31,"dog":"Pastor Alemão","price":100},{"name":"Renan","idade":31,"dog":"Vira lata","price":90}] 
2022-12-30T22:29:11.697Z [api] info: API Started!
2022-12-30T22:36:31.220Z [api] info: Get /hospedagem - [{"name":"Isabela","idade":31,"dog":"Pastor Alemão","price":100},{"name":"Renan","idade":31,"dog":"Vira lata","price":90}] 
2022-12-30T22:43:05.063Z [api] info: Get /hospedagem - [{"name":"Isabela","idade":31,"dog":"Pastor Alemão","price":100},{"name":"Renan","idade":31,"dog":"Vira lata","price":90}] 
2022-12-30T22:43:31.511Z [api] info: Get /hospedagem - [{"name":"Isabela","idade":31,"dog":"Pastor Alemão","price":100},{"name":"Renan","idade":31,"dog":"Vira lata","price":90}] 
2022-12-30T22:44:35.772Z [api] info: Get /hospedagem - [{"name":"Isabela","idade":31,"dog":"Pastor Alemão","price":100},{"name":"Renan","idade":31,"dog":"Vira lata","price":90}] 
2022-12-30T22:49:24.360Z [api] info: Get /hospedagem - [{"name":"Isabela","idade":31,"dog":"Pastor Alemão","price":100},{"name":"Renan","idade":31,"dog":"Vira lata","price":90}] 
2022-12-30T22:52:34.045Z [api] info: Get /hospedagem - [{"name":"Isabela","idade":31,"dog":"Pastor Alemão","price":100},{"name":"Renan","idade":31,"dog":"Vira lata","price":90}] 
2022-12-30T22:53:11.985Z [api] info: Get /hospedagem - [{"name":"Isabela","idade":31,"dog":"Pastor Alemão","price":100},{"name":"Renan","idade":31,"dog":"Vira lata","price":90}] 
2022-12-30T22:53:17.029Z [api] info: Get /hospedagem - [{"name":"Isabela","idade":31,"dog":"Pastor Alemão","price":100},{"name":"Renan","idade":31,"dog":"Vira lata","price":90}] 
2022-12-30T22:53:44.916Z [api] info: Post /hospedagem - {"account":{"name":"Fernando","idade":45,"dog":"Bruce","price":200}}
2022-12-30T22:53:44.924Z [api] info: Get /hospedagem - [{"name":"Isabela","idade":31,"dog":"Pastor Alemão","price":100},{"name":"Renan","idade":31,"dog":"Vira lata","price":90},{"name":"Fernando","idade":45,"dog":"Bruce","price":200}] 
2022-12-30T22:53:45.177Z [api] info: API Started!
2022-12-30T22:54:32.064Z [api] info: Get /hospedagem - [{"name":"Isabela","idade":31,"dog":"Pastor Alemão","price":100},{"name":"Renan","idade":31,"dog":"Vira lata","price":90},{"name":"Fernando","idade":45,"dog":"Bruce","price":200}] 
2022-12-30T22:56:23.071Z [api] info: Get /hospedagem - [{"name":"Isabela","idade":31,"dog":"Pastor Alemão","price":100},{"name":"Renan","idade":31,"dog":"Vira lata","price":90},{"name":"Fernando","idade":45,"dog":"Bruce","price":200}] 
2022-12-30T22:56:31.344Z [api] info: Get /hospedagem - [{"name":"Isabela","idade":31,"dog":"Pastor Alemão","price":100},{"name":"Renan","idade":31,"dog":"Vira lata","price":90},{"name":"Fernando","idade":45,"dog":"Bruce","price":200}] 
2022-12-30T22:57:12.495Z [api] info: Post /hospedagem - {"account":{"name":"Carlos","idade":14,"dog":"Pudle","price":45}}
2022-12-30T22:57:12.512Z [api] info: Get /hospedagem - [{"name":"Isabela","idade":31,"dog":"Pastor Alemão","price":100},{"name":"Renan","idade":31,"dog":"Vira lata","price":90},{"name":"Fernando","idade":45,"dog":"Bruce","price":200},{"name":"Carlos","idade":14,"dog":"Pudle","price":45}] 
2022-12-30T22:57:12.772Z [api] info: API Started!
